<?xml version="1.0" encoding="UTF-8"?>
<testng-results ignored="0" total="1" passed="1" failed="0" skipped="0">
  <reporter-output>
  </reporter-output>
  <suite started-at="2022-12-04T07:09:17Z" name="Default suite" finished-at="2022-12-04T07:09:20Z" duration-ms="3172">
    <groups>
    </groups>
    <test started-at="2022-12-04T07:09:17Z" name="Default test" finished-at="2022-12-04T07:09:20Z" duration-ms="3172">
      <class name="restGithub.CreateRepo">
        <test-method signature="test1()[pri:0, instance:restGithub.CreateRepo@6d07a63d]" started-at="2022-12-04T07:09:17Z" name="test1" finished-at="2022-12-04T07:09:20Z" duration-ms="3153" status="PASS">
          <reporter-output>
          </reporter-output>
        </test-method> <!-- test1 -->
      </class> <!-- restGithub.CreateRepo -->
    </test> <!-- Default test -->
  </suite> <!-- Default suite -->
</testng-results>
